-- all messages logged in file hdlparser.log
-- Analyzing VHDL file 'C:/lscc/diamond/3.13/ispfpga/vhdl_packages/standard.vhd' (VHDL-1481)
C:/lscc/diamond/3.13/ispfpga/vhdl_packages/standard.vhd(9): INFO: analyzing package 'standard' (VHDL-1014)
-- Analyzing VHDL file 'C:/lscc/diamond/3.13/ispfpga/vhdl_packages/std_1164.vhd' (VHDL-1481)
C:/lscc/diamond/3.13/ispfpga/vhdl_packages/std_1164.vhd(15): INFO: analyzing package 'std_logic_1164' (VHDL-1014)
C:/lscc/diamond/3.13/ispfpga/vhdl_packages/std_1164.vhd(178): INFO: analyzing package body 'std_logic_1164' (VHDL-1013)
-- Analyzing VHDL file 'C:/lscc/diamond/3.13/ispfpga/vhdl_packages/mgc_qsim.vhd' (VHDL-1481)
C:/lscc/diamond/3.13/ispfpga/vhdl_packages/mgc_qsim.vhd(18): INFO: analyzing package 'qsim_logic' (VHDL-1014)
C:/lscc/diamond/3.13/ispfpga/vhdl_packages/mgc_qsim.vhd(753): INFO: analyzing package body 'qsim_logic' (VHDL-1013)
-- Analyzing VHDL file 'C:/lscc/diamond/3.13/ispfpga/vhdl_packages/numeric_bit.vhd' (VHDL-1481)
C:/lscc/diamond/3.13/ispfpga/vhdl_packages/numeric_bit.vhd(54): INFO: analyzing package 'numeric_bit' (VHDL-1014)
C:/lscc/diamond/3.13/ispfpga/vhdl_packages/numeric_bit.vhd(834): INFO: analyzing package body 'numeric_bit' (VHDL-1013)
-- Analyzing VHDL file 'C:/lscc/diamond/3.13/ispfpga/vhdl_packages/numeric_std.vhd' (VHDL-1481)
C:/lscc/diamond/3.13/ispfpga/vhdl_packages/numeric_std.vhd(57): INFO: analyzing package 'numeric_std' (VHDL-1014)
C:/lscc/diamond/3.13/ispfpga/vhdl_packages/numeric_std.vhd(874): INFO: analyzing package body 'numeric_std' (VHDL-1013)
-- Analyzing VHDL file 'C:/lscc/diamond/3.13/ispfpga/vhdl_packages/textio.vhd' (VHDL-1481)
C:/lscc/diamond/3.13/ispfpga/vhdl_packages/textio.vhd(13): INFO: analyzing package 'textio' (VHDL-1014)
C:/lscc/diamond/3.13/ispfpga/vhdl_packages/textio.vhd(114): INFO: analyzing package body 'textio' (VHDL-1013)
-- Analyzing VHDL file 'C:/lscc/diamond/3.13/ispfpga/vhdl_packages/std_logic_textio.vhd' (VHDL-1481)
C:/lscc/diamond/3.13/ispfpga/vhdl_packages/std_logic_textio.vhd(26): INFO: analyzing package 'std_logic_textio' (VHDL-1014)
C:/lscc/diamond/3.13/ispfpga/vhdl_packages/std_logic_textio.vhd(72): INFO: analyzing package body 'std_logic_textio' (VHDL-1013)
-- Analyzing VHDL file 'C:/lscc/diamond/3.13/ispfpga/vhdl_packages/syn_attr.vhd' (VHDL-1481)
C:/lscc/diamond/3.13/ispfpga/vhdl_packages/syn_attr.vhd(39): INFO: analyzing package 'attributes' (VHDL-1014)
-- Analyzing VHDL file 'C:/lscc/diamond/3.13/ispfpga/vhdl_packages/syn_misc.vhd' (VHDL-1481)
C:/lscc/diamond/3.13/ispfpga/vhdl_packages/syn_misc.vhd(30): INFO: analyzing package 'std_logic_misc' (VHDL-1014)
C:/lscc/diamond/3.13/ispfpga/vhdl_packages/syn_misc.vhd(182): INFO: analyzing package body 'std_logic_misc' (VHDL-1013)
-- Analyzing VHDL file 'C:/lscc/diamond/3.13/ispfpga/vhdl_packages/math_real.vhd' (VHDL-1481)
C:/lscc/diamond/3.13/ispfpga/vhdl_packages/math_real.vhd(56): INFO: analyzing package 'math_real' (VHDL-1014)
C:/lscc/diamond/3.13/ispfpga/vhdl_packages/math_real.vhd(685): INFO: analyzing package body 'math_real' (VHDL-1013)
-- Analyzing VHDL file 'C:/lscc/diamond/3.13/ispfpga/vhdl_packages/mixed_lang_vltype.vhd' (VHDL-1481)
C:/lscc/diamond/3.13/ispfpga/vhdl_packages/mixed_lang_vltype.vhd(9): INFO: analyzing package 'vl_types' (VHDL-1014)
C:/lscc/diamond/3.13/ispfpga/vhdl_packages/mixed_lang_vltype.vhd(88): INFO: analyzing package body 'vl_types' (VHDL-1013)
-- Analyzing VHDL file 'C:/lscc/diamond/3.13/ispfpga/vhdl_packages/syn_arit.vhd' (VHDL-1481)
C:/lscc/diamond/3.13/ispfpga/vhdl_packages/syn_arit.vhd(25): INFO: analyzing package 'std_logic_arith' (VHDL-1014)
C:/lscc/diamond/3.13/ispfpga/vhdl_packages/syn_arit.vhd(206): INFO: analyzing package body 'std_logic_arith' (VHDL-1013)
-- Analyzing VHDL file 'C:/lscc/diamond/3.13/ispfpga/vhdl_packages/syn_sign.vhd' (VHDL-1481)
C:/lscc/diamond/3.13/ispfpga/vhdl_packages/syn_sign.vhd(35): INFO: analyzing package 'std_logic_signed' (VHDL-1014)
C:/lscc/diamond/3.13/ispfpga/vhdl_packages/syn_sign.vhd(96): INFO: analyzing package body 'std_logic_signed' (VHDL-1013)
-- Analyzing VHDL file 'C:/lscc/diamond/3.13/ispfpga/vhdl_packages/syn_unsi.vhd' (VHDL-1481)
C:/lscc/diamond/3.13/ispfpga/vhdl_packages/syn_unsi.vhd(35): INFO: analyzing package 'std_logic_unsigned' (VHDL-1014)
C:/lscc/diamond/3.13/ispfpga/vhdl_packages/syn_unsi.vhd(94): INFO: analyzing package body 'std_logic_unsigned' (VHDL-1013)
-- Analyzing VHDL file 'C:/lscc/diamond/3.13/ispfpga/vhdl_packages/synattr.vhd' (VHDL-1481)
C:/lscc/diamond/3.13/ispfpga/vhdl_packages/synattr.vhd(50): INFO: analyzing package 'attributes' (VHDL-1014)
-- Analyzing VHDL file 'C:/lscc/diamond/3.13/ispfpga/userware/NT/SYNTHESIS_HEADERS/machxo3d.vhd' (VHDL-1481)
-- Analyzing VHDL file 'C:/Users/Gabriel/Desktop/FPGA-HW/BusInterface_Final_UG-Spring2026/BusInterface_UART_PWM_SPI/source/Bus_Interface_Common.vhd' (VHDL-1481)
C:/Users/Gabriel/Desktop/FPGA-HW/BusInterface_Final_UG-Spring2026/BusInterface_UART_PWM_SPI/source/Bus_Interface_Common.vhd(55): INFO: analyzing package 'bus_interface_common' (VHDL-1014)
C:/Users/Gabriel/Desktop/FPGA-HW/BusInterface_Final_UG-Spring2026/BusInterface_UART_PWM_SPI/source/Bus_Interface_Common.vhd(116): INFO: analyzing package body 'bus_interface_common' (VHDL-1013)
-- Analyzing VHDL file 'C:/Users/Gabriel/Desktop/FPGA-HW/BusInterface_Final_UG-Spring2026/BusInterface_UART_PWM_SPI/source/Bus_Interface_Top.vhd' (VHDL-1481)
C:/Users/Gabriel/Desktop/FPGA-HW/BusInterface_Final_UG-Spring2026/BusInterface_UART_PWM_SPI/source/Bus_Interface_Top.vhd(12): INFO: analyzing entity 'bus_interface_top' (VHDL-1012)
C:/Users/Gabriel/Desktop/FPGA-HW/BusInterface_Final_UG-Spring2026/BusInterface_UART_PWM_SPI/source/Bus_Interface_Top.vhd(36): INFO: analyzing architecture 'behavioral' (VHDL-1010)
-- Analyzing VHDL file 'C:/Users/Gabriel/Desktop/FPGA-HW/BusInterface_Final_UG-Spring2026/BusInterface_UART_PWM_SPI/source/Bus_Master.vhd' (VHDL-1481)
C:/Users/Gabriel/Desktop/FPGA-HW/BusInterface_Final_UG-Spring2026/BusInterface_UART_PWM_SPI/source/Bus_Master.vhd(42): INFO: analyzing entity 'bus_master' (VHDL-1012)
C:/Users/Gabriel/Desktop/FPGA-HW/BusInterface_Final_UG-Spring2026/BusInterface_UART_PWM_SPI/source/Bus_Master.vhd(55): INFO: analyzing architecture 'behavioral' (VHDL-1010)
-- Analyzing VHDL file 'C:/Users/Gabriel/Desktop/FPGA-HW/BusInterface_Final_UG-Spring2026/BusInterface_UART_PWM_SPI/source/Generic_Components.vhd' (VHDL-1481)
C:/Users/Gabriel/Desktop/FPGA-HW/BusInterface_Final_UG-Spring2026/BusInterface_UART_PWM_SPI/source/Generic_Components.vhd(45): INFO: analyzing entity 'bus_int' (VHDL-1012)
C:/Users/Gabriel/Desktop/FPGA-HW/BusInterface_Final_UG-Spring2026/BusInterface_UART_PWM_SPI/source/Generic_Components.vhd(68): INFO: analyzing architecture 'behavior' (VHDL-1010)
C:/Users/Gabriel/Desktop/FPGA-HW/BusInterface_Final_UG-Spring2026/BusInterface_UART_PWM_SPI/source/Generic_Components.vhd(200): INFO: analyzing entity 'std_fifo' (VHDL-1012)
C:/Users/Gabriel/Desktop/FPGA-HW/BusInterface_Final_UG-Spring2026/BusInterface_UART_PWM_SPI/source/Generic_Components.vhd(218): INFO: analyzing architecture 'behavioral' (VHDL-1010)
C:/Users/Gabriel/Desktop/FPGA-HW/BusInterface_Final_UG-Spring2026/BusInterface_UART_PWM_SPI/source/Generic_Components.vhd(297): INFO: analyzing entity 'pwm_16b' (VHDL-1012)
C:/Users/Gabriel/Desktop/FPGA-HW/BusInterface_Final_UG-Spring2026/BusInterface_UART_PWM_SPI/source/Generic_Components.vhd(309): INFO: analyzing architecture 'behavioral' (VHDL-1010)
C:/Users/Gabriel/Desktop/FPGA-HW/BusInterface_Final_UG-Spring2026/BusInterface_UART_PWM_SPI/source/Generic_Components.vhd(401): INFO: analyzing entity 'sreg_ps_16' (VHDL-1012)
C:/Users/Gabriel/Desktop/FPGA-HW/BusInterface_Final_UG-Spring2026/BusInterface_UART_PWM_SPI/source/Generic_Components.vhd(407): INFO: analyzing architecture 'behavior' (VHDL-1010)
C:/Users/Gabriel/Desktop/FPGA-HW/BusInterface_Final_UG-Spring2026/BusInterface_UART_PWM_SPI/source/Generic_Components.vhd(446): INFO: analyzing entity 'sreg_sp_16' (VHDL-1012)
C:/Users/Gabriel/Desktop/FPGA-HW/BusInterface_Final_UG-Spring2026/BusInterface_UART_PWM_SPI/source/Generic_Components.vhd(452): INFO: analyzing architecture 'behavior' (VHDL-1010)
C:/Users/Gabriel/Desktop/FPGA-HW/BusInterface_Final_UG-Spring2026/BusInterface_UART_PWM_SPI/source/Generic_Components.vhd(483): INFO: analyzing entity 'std_counter' (VHDL-1012)
C:/Users/Gabriel/Desktop/FPGA-HW/BusInterface_Final_UG-Spring2026/BusInterface_UART_PWM_SPI/source/Generic_Components.vhd(492): INFO: analyzing architecture 'behavior' (VHDL-1010)
-- Analyzing VHDL file 'C:/Users/Gabriel/Desktop/FPGA-HW/BusInterface_Final_UG-Spring2026/BusInterface_UART_PWM_SPI/source/LED_Ctrl.vhd' (VHDL-1481)
C:/Users/Gabriel/Desktop/FPGA-HW/BusInterface_Final_UG-Spring2026/BusInterface_UART_PWM_SPI/source/LED_Ctrl.vhd(43): INFO: analyzing entity 'led_ctrl' (VHDL-1012)
C:/Users/Gabriel/Desktop/FPGA-HW/BusInterface_Final_UG-Spring2026/BusInterface_UART_PWM_SPI/source/LED_Ctrl.vhd(65): INFO: analyzing architecture 'behavioral' (VHDL-1010)
-- Analyzing VHDL file 'C:/Users/Gabriel/Desktop/FPGA-HW/BusInterface_Final_UG-Spring2026/BusInterface_UART_PWM_SPI/source/PLL_Clk.vhd' (VHDL-1481)
C:/Users/Gabriel/Desktop/FPGA-HW/BusInterface_Final_UG-Spring2026/BusInterface_UART_PWM_SPI/source/PLL_Clk.vhd(14): INFO: analyzing entity 'pll_clk' (VHDL-1012)
C:/Users/Gabriel/Desktop/FPGA-HW/BusInterface_Final_UG-Spring2026/BusInterface_UART_PWM_SPI/source/PLL_Clk.vhd(21): INFO: analyzing architecture 'structure' (VHDL-1010)
-- Analyzing VHDL file 'C:/Users/Gabriel/Desktop/FPGA-HW/BusInterface_Final_UG-Spring2026/BusInterface_UART_PWM_SPI/source/SPRAM.vhd' (VHDL-1481)
C:/Users/Gabriel/Desktop/FPGA-HW/BusInterface_Final_UG-Spring2026/BusInterface_UART_PWM_SPI/source/SPRAM.vhd(14): INFO: analyzing entity 'spram' (VHDL-1012)
C:/Users/Gabriel/Desktop/FPGA-HW/BusInterface_Final_UG-Spring2026/BusInterface_UART_PWM_SPI/source/SPRAM.vhd(25): INFO: analyzing architecture 'structure' (VHDL-1010)
-- Analyzing VHDL file 'C:/Users/Gabriel/Desktop/FPGA-HW/BusInterface_Final_UG-Spring2026/BusInterface_UART_PWM_SPI/source/UART_Usr_Int.vhd' (VHDL-1481)
C:/Users/Gabriel/Desktop/FPGA-HW/BusInterface_Final_UG-Spring2026/BusInterface_UART_PWM_SPI/source/UART_Usr_Int.vhd(98): INFO: analyzing entity 'rs232_usr_int' (VHDL-1012)
C:/Users/Gabriel/Desktop/FPGA-HW/BusInterface_Final_UG-Spring2026/BusInterface_UART_PWM_SPI/source/UART_Usr_Int.vhd(116): INFO: analyzing architecture 'behavioral' (VHDL-1010)
-- Analyzing VHDL file 'C:/Users/Gabriel/Desktop/FPGA-HW/BusInterface_Final_UG-Spring2026/BusInterface_UART_PWM_SPI/source/SPI_ADC_Int.vhd' (VHDL-1481)
C:/Users/Gabriel/Desktop/FPGA-HW/BusInterface_Final_UG-Spring2026/BusInterface_UART_PWM_SPI/source/SPI_ADC_Int.vhd(66): INFO: analyzing entity 'spi_rom' (VHDL-1012)
C:/Users/Gabriel/Desktop/FPGA-HW/BusInterface_Final_UG-Spring2026/BusInterface_UART_PWM_SPI/source/SPI_ADC_Int.vhd(71): INFO: analyzing architecture 'behavior' (VHDL-1010)
C:/Users/Gabriel/Desktop/FPGA-HW/BusInterface_Final_UG-Spring2026/BusInterface_UART_PWM_SPI/source/SPI_ADC_Int.vhd(114): INFO: analyzing entity 'adc_int' (VHDL-1012)
C:/Users/Gabriel/Desktop/FPGA-HW/BusInterface_Final_UG-Spring2026/BusInterface_UART_PWM_SPI/source/SPI_ADC_Int.vhd(131): INFO: analyzing architecture 'behavioral' (VHDL-1010)
-- Analyzing VHDL file 'C:/Users/Gabriel/Desktop/FPGA-HW/BusInterface_Final_UG-Spring2026/BusInterface_UART_PWM_SPI/source/PI_Buck_Int.vhd' (VHDL-1481)
C:/Users/Gabriel/Desktop/FPGA-HW/BusInterface_Final_UG-Spring2026/BusInterface_UART_PWM_SPI/source/PI_Buck_Int.vhd(10): INFO: analyzing entity 'pi_buck' (VHDL-1012)
C:/Users/Gabriel/Desktop/FPGA-HW/BusInterface_Final_UG-Spring2026/BusInterface_UART_PWM_SPI/source/PI_Buck_Int.vhd(23): INFO: analyzing architecture 'behavioral' (VHDL-1010)
